<?xml version="1.0" encoding="UTF-8"?>
<!-- Generated by org.testng.reporters.JUnitReportReporter -->
<testsuite skipped="0" hostname="DESKTOP-R0QK2O8" name="in.amazon.test.HomepageTest" tests="1" failures="0" timestamp="25 Jun 2019 18:10:21 GMT" time="8.102" errors="0">
  <testcase name="verifySearchProduct" time="8.102" classname="in.amazon.test.HomepageTest"/>
</testsuite> <!-- in.amazon.test.HomepageTest -->
