<?xml version="1.0" encoding="UTF-8"?>
<!-- Generated by org.testng.reporters.JUnitReportReporter -->
<testsuite skipped="0" hostname="DESKTOP-R0QK2O8" name="demo.DemoTestData" tests="11" failures="0" timestamp="27 Jun 2019 18:28:55 GMT" time="0.088" errors="0">
  <testcase name="printTestData" time="0.006" classname="demo.DemoTestData"/>
  <testcase name="printTestData" time="0.002" classname="demo.DemoTestData"/>
  <testcase name="printTestData" time="0.019" classname="demo.DemoTestData"/>
  <testcase name="printTestData" time="0.003" classname="demo.DemoTestData"/>
  <testcase name="printTestData" time="0.002" classname="demo.DemoTestData"/>
  <testcase name="printTestData" time="0.002" classname="demo.DemoTestData"/>
  <testcase name="printTestData" time="0.002" classname="demo.DemoTestData"/>
  <testcase name="printTestData" time="0.005" classname="demo.DemoTestData"/>
  <testcase name="printTestData" time="0.043" classname="demo.DemoTestData"/>
  <testcase name="printTestData" time="0.002" classname="demo.DemoTestData"/>
  <testcase name="printTestData" time="0.002" classname="demo.DemoTestData"/>
</testsuite> <!-- demo.DemoTestData -->
